{
  "0 debug pnpm:scope": {
    "selected": 1
  },
  "1 debug pnpm:package-manifest": {
    "initial": {
      "name": "~TODO~",
      "version": "0.0.1",
      "scripts": {
        "dev": "svelte-kit dev",
        "build": "svelte-kit build",
        "preview": "svelte-kit preview",
        "lint": "prettier --check --plugin-search-dir=. . && eslint --ignore-path .gitignore .",
        "format": "prettier --write --plugin-search-dir=. ."
      },
      "devDependencies": {
        "@sveltejs/kit": "next",
        "eslint": "^7.22.0",
        "eslint-config-prettier": "^8.1.0",
        "eslint-plugin-svelte3": "^3.2.0",
        "prettier": "~2.2.1",
        "prettier-plugin-svelte": "^2.2.0",
        "svelte": "^3.34.0"
      },
      "type": "module"
    },
    "prefix": "/Users/jasonkao/Development/jkao-sveltekit"
  },
  "2 debug pnpm:context": {
    "currentLockfileExists": false,
    "storeDir": "/Users/jasonkao/.pnpm-store/v3",
    "virtualStoreDir": "/Users/jasonkao/Development/jkao-sveltekit/node_modules/.pnpm"
  },
  "3 debug pnpm:stage": {
    "prefix": "/Users/jasonkao/Development/jkao-sveltekit",
    "stage": "resolution_started"
  },
  "4 debug pnpm:_dependency_resolved": {
    "resolution": "registry.npmjs.org/prettier/2.2.1",
    "wanted": {
      "dependentId": ".",
      "name": "prettier",
      "rawSpec": "~2.2.1"
    }
  },
  "5 debug pnpm:progress": {
    "packageId": "registry.npmjs.org/prettier/2.2.1",
    "requester": "/Users/jasonkao/Development/jkao-sveltekit",
    "status": "resolved"
  },
  "6 debug pnpm:_dependency_resolved": {
    "resolution": "registry.npmjs.org/eslint-config-prettier/8.3.0",
    "wanted": {
      "dependentId": ".",
      "name": "eslint-config-prettier",
      "rawSpec": "^8.1.0"
    }
  },
  "7 debug pnpm:progress": {
    "packageId": "registry.npmjs.org/eslint-config-prettier/8.3.0",
    "requester": "/Users/jasonkao/Development/jkao-sveltekit",
    "status": "resolved"
  },
  "8 debug pnpm:_dependency_resolved": {
    "resolution": "registry.npmjs.org/eslint/7.28.0",
    "wanted": {
      "dependentId": ".",
      "name": "eslint",
      "rawSpec": "^7.22.0"
    }
  },
  "9 debug pnpm:progress": {
    "packageId": "registry.npmjs.org/eslint/7.28.0",
    "requester": "/Users/jasonkao/Development/jkao-sveltekit",
    "status": "resolved"
  },
  "10 debug pnpm:fetching-progress": {
    "attempt": 1,
    "packageId": "registry.npmjs.org/prettier/2.2.1",
    "size": 4060459,
    "status": "started"
  },
  "11 debug pnpm:fetching-progress": {
    "attempt": 1,
    "packageId": "registry.npmjs.org/eslint-config-prettier/8.3.0",
    "size": 5345,
    "status": "started"
  },
  "12 debug pnpm:_dependency_resolved": {
    "resolution": "registry.npmjs.org/@sveltejs/kit/1.0.0-next.113",
    "wanted": {
      "dependentId": ".",
      "name": "@sveltejs/kit",
      "rawSpec": "next"
    }
  },
  "13 warn pnpm:install-check": {
    "message": "Unsupported engine for registry.npmjs.org/@sveltejs/kit/1.0.0-next.113: wanted: {\"node\":\"^12.20 || ^14.13.1 || >= 16\"} (current: {\"node\":\"v15.13.0\",\"pnpm\":\"6.7.1\"})",
    "prefix": "/Users/jasonkao/Development/jkao-sveltekit"
  },
  "14 error pnpm": {
    "code": "ERR_PNPM_UNSUPPORTED_ENGINE",
    "packageId": "registry.npmjs.org/@sveltejs/kit/1.0.0-next.113",
    "wanted": {
      "node": "^12.20 || ^14.13.1 || >= 16"
    },
    "current": {
      "node": "v15.13.0",
      "pnpm": "6.7.1"
    },
    "err": {
      "name": "Error",
      "message": "Unsupported engine for registry.npmjs.org/@sveltejs/kit/1.0.0-next.113: wanted: {\"node\":\"^12.20 || ^14.13.1 || >= 16\"} (current: {\"node\":\"v15.13.0\",\"pnpm\":\"6.7.1\"})",
      "code": "ERR_PNPM_UNSUPPORTED_ENGINE",
      "stack": "Error: Unsupported engine for registry.npmjs.org/@sveltejs/kit/1.0.0-next.113: wanted: {\"node\":\"^12.20 || ^14.13.1 || >= 16\"} (current: {\"node\":\"v15.13.0\",\"pnpm\":\"6.7.1\"})\n    at Object.checkEngine [as default] (/usr/local/lib/node_modules/pnpm/dist/pnpm.cjs:34593:16)\n    at checkPackage (/usr/local/lib/node_modules/pnpm/dist/pnpm.cjs:34737:99)\n    at Object.packageIsInstallable [as default] (/usr/local/lib/node_modules/pnpm/dist/pnpm.cjs:34707:20)\n    at resolveDependency (/usr/local/lib/node_modules/pnpm/dist/pnpm.cjs:109911:81)\n    at processTicksAndRejections (node:internal/process/task_queues:94:5)\n    at async resolveDependenciesOfDependency (/usr/local/lib/node_modules/pnpm/dist/pnpm.cjs:109635:39)\n    at async Promise.all (index 0)\n    at async Object.resolveDependencies [as default] (/usr/local/lib/node_modules/pnpm/dist/pnpm.cjs:109605:29)\n    at async /usr/local/lib/node_modules/pnpm/dist/pnpm.cjs:110133:47\n    at async Promise.all (index 0)"
    }
  }
}